{
  "RSpec": {
    "coverage": {
      "/Users/christinabeauregard/strength/strength_app/app/models/user.rb": [
        1,
        null,
        null,
        null,
        1,
        1,
        1,
        null,
        null,
        null,
        1,
        null,
        null,
        1,
        0,
        null,
        null
      ],
      "/Users/christinabeauregard/strength/strength_app/app/models/application_record.rb": [
        1,
        1,
        null
      ],
      "/Users/christinabeauregard/strength/strength_app/app/helpers/application_helper.rb": [
        1,
        null
      ],
      "/Users/christinabeauregard/strength/strength_app/app/mailers/application_mailer.rb": [
        0,
        0,
        0,
        0
      ],
      "/Users/christinabeauregard/strength/strength_app/app/jobs/application_job.rb": [
        0,
        0
      ],
      "/Users/christinabeauregard/strength/strength_app/app/controllers/application_controller.rb": [
        0,
        0,
        0,
        0,
        0,
        0,
        0,
        0,
        0,
        0,
        0,
        0,
        0,
        0,
        0,
        0
      ],
      "/Users/christinabeauregard/strength/strength_app/app/controllers/static_pages_controller.rb": [
        0,
        0
      ],
      "/Users/christinabeauregard/strength/strength_app/app/controllers/users_controller.rb": [
        0,
        0,
        0,
        0,
        0,
        0,
        0,
        0,
        0,
        0,
        0
      ]
    },
    "timestamp": 1513633821
  }
}
